<?xml version="1.0" encoding="UTF-8"?>
<testsuite xmlns:xsi="http://www.w3.org/2001/XMLSchema-instance" xsi:noNamespaceSchemaLocation="https://maven.apache.org/surefire/maven-surefire-plugin/xsd/surefire-test-report-3.0.xsd" version="3.0" name="com.mycompany.habanahotel.PrincipalTest" time="19.11" tests="5" errors="0" skipped="0" failures="0">
  <properties>
    <property name="java.specification.version" value="19"/>
    <property name="sun.cpu.isalist" value="amd64"/>
    <property name="sun.jnu.encoding" value="Cp1252"/>
    <property name="sun.awt.enableExtraMouseButtons" value="true"/>
    <property name="java.class.path" value="C:\Users\José\Documents\NetBeansProjects\HabanaHotel\target\test-classes;C:\Users\José\Documents\NetBeansProjects\HabanaHotel\target\classes;C:\Users\José\.m2\repository\unknown\binary\AbsoluteLayout\SNAPSHOT\AbsoluteLayout-SNAPSHOT.jar;C:\Users\José\.m2\repository\com\toedter\jcalendar\1.4\jcalendar-1.4.jar;C:\Users\José\.m2\repository\junit\junit\4.13.2\junit-4.13.2.jar;C:\Users\José\.m2\repository\org\junit\jupiter\junit-jupiter-api\5.6.0\junit-jupiter-api-5.6.0.jar;C:\Users\José\.m2\repository\org\apiguardian\apiguardian-api\1.1.0\apiguardian-api-1.1.0.jar;C:\Users\José\.m2\repository\org\opentest4j\opentest4j\1.2.0\opentest4j-1.2.0.jar;C:\Users\José\.m2\repository\org\junit\platform\junit-platform-commons\1.6.0\junit-platform-commons-1.6.0.jar;C:\Users\José\.m2\repository\org\junit\jupiter\junit-jupiter-params\5.6.0\junit-jupiter-params-5.6.0.jar;C:\Users\José\.m2\repository\org\junit\jupiter\junit-jupiter-engine\5.6.0\junit-jupiter-engine-5.6.0.jar;C:\Users\José\.m2\repository\org\junit\platform\junit-platform-engine\1.6.0\junit-platform-engine-1.6.0.jar;C:\Users\José\.m2\repository\org\hamcrest\hamcrest-core\1.3\hamcrest-core-1.3.jar;"/>
    <property name="java.vm.vendor" value="Oracle Corporation"/>
    <property name="sun.arch.data.model" value="64"/>
    <property name="user.variant" value=""/>
    <property name="java.vendor.url" value="https://java.oracle.com/"/>
    <property name="user.timezone" value="Europe/Madrid"/>
    <property name="os.name" value="Windows 10"/>
    <property name="java.vm.specification.version" value="19"/>
    <property name="user.country" value="ES"/>
    <property name="sun.java.launcher" value="SUN_STANDARD"/>
    <property name="sun.boot.library.path" value="C:\Program Files\Java\jdk-19\bin"/>
    <property name="sun.java.command" value="C:\Users\José\AppData\Local\Temp\surefire17842653424598161895\surefirebooter-20240523235206008_3.jar C:\Users\José\AppData\Local\Temp\surefire17842653424598161895 2024-05-23T23-52-05_889-jvmRun1 surefire-20240523235206008_1tmp surefire_0-20240523235206008_2tmp"/>
    <property name="jdk.debug" value="release"/>
    <property name="surefire.test.class.path" value="C:\Users\José\Documents\NetBeansProjects\HabanaHotel\target\test-classes;C:\Users\José\Documents\NetBeansProjects\HabanaHotel\target\classes;C:\Users\José\.m2\repository\unknown\binary\AbsoluteLayout\SNAPSHOT\AbsoluteLayout-SNAPSHOT.jar;C:\Users\José\.m2\repository\com\toedter\jcalendar\1.4\jcalendar-1.4.jar;C:\Users\José\.m2\repository\junit\junit\4.13.2\junit-4.13.2.jar;C:\Users\José\.m2\repository\org\junit\jupiter\junit-jupiter-api\5.6.0\junit-jupiter-api-5.6.0.jar;C:\Users\José\.m2\repository\org\apiguardian\apiguardian-api\1.1.0\apiguardian-api-1.1.0.jar;C:\Users\José\.m2\repository\org\opentest4j\opentest4j\1.2.0\opentest4j-1.2.0.jar;C:\Users\José\.m2\repository\org\junit\platform\junit-platform-commons\1.6.0\junit-platform-commons-1.6.0.jar;C:\Users\José\.m2\repository\org\junit\jupiter\junit-jupiter-params\5.6.0\junit-jupiter-params-5.6.0.jar;C:\Users\José\.m2\repository\org\junit\jupiter\junit-jupiter-engine\5.6.0\junit-jupiter-engine-5.6.0.jar;C:\Users\José\.m2\repository\org\junit\platform\junit-platform-engine\1.6.0\junit-platform-engine-1.6.0.jar;C:\Users\José\.m2\repository\org\hamcrest\hamcrest-core\1.3\hamcrest-core-1.3.jar;"/>
    <property name="sun.cpu.endian" value="little"/>
    <property name="user.home" value="C:\Users\José"/>
    <property name="user.language" value="es"/>
    <property name="java.specification.vendor" value="Oracle Corporation"/>
    <property name="java.version.date" value="2022-10-18"/>
    <property name="java.home" value="C:\Program Files\Java\jdk-19"/>
    <property name="file.separator" value="\"/>
    <property name="basedir" value="C:\Users\José\Documents\NetBeansProjects\HabanaHotel"/>
    <property name="java.vm.compressedOopsMode" value="Zero based"/>
    <property name="line.separator" value="&#10;"/>
    <property name="java.vm.specification.vendor" value="Oracle Corporation"/>
    <property name="java.specification.name" value="Java Platform API Specification"/>
    <property name="surefire.real.class.path" value="C:\Users\José\AppData\Local\Temp\surefire17842653424598161895\surefirebooter-20240523235206008_3.jar"/>
    <property name="user.script" value=""/>
    <property name="sun.management.compiler" value="HotSpot 64-Bit Tiered Compilers"/>
    <property name="java.runtime.version" value="19.0.1+10-21"/>
    <property name="user.name" value="José"/>
    <property name="stdout.encoding" value="Cp1252"/>
    <property name="path.separator" value=";"/>
    <property name="os.version" value="10.0"/>
    <property name="java.runtime.name" value="Java(TM) SE Runtime Environment"/>
    <property name="file.encoding" value="UTF-8"/>
    <property name="java.vm.name" value="Java HotSpot(TM) 64-Bit Server VM"/>
    <property name="maven.ext.class.path" value="C:\Program Files\NetBeans-18\netbeans\java\maven-nblib\netbeans-eventspy.jar"/>
    <property name="localRepository" value="C:\Users\José\.m2\repository"/>
    <property name="java.vendor.url.bug" value="https://bugreport.java.com/bugreport/"/>
    <property name="java.io.tmpdir" value="C:\Users\JOS~1\AppData\Local\Temp\"/>
    <property name="java.version" value="19.0.1"/>
    <property name="user.dir" value="C:\Users\José\Documents\NetBeansProjects\HabanaHotel"/>
    <property name="os.arch" value="amd64"/>
    <property name="java.vm.specification.name" value="Java Virtual Machine Specification"/>
    <property name="sun.os.patch.level" value=""/>
    <property name="native.encoding" value="Cp1252"/>
    <property name="java.library.path" value="C:\Program Files\Java\jdk-19\bin;C:\WINDOWS\Sun\Java\bin;C:\WINDOWS\system32;C:\WINDOWS;C:\Program Files\Common Files\Oracle\Java\javapath;C:\oracle\18.0.0\dbhomeXE\bin;C:\Program Files\dotnet\;C:\Program Files (x86)\BaseX\bin;C:\Users\José\AppData\Local\Programs\Python\Python311\Scripts\;C:\Users\José\AppData\Local\Programs\Python\Python311\;C:\Users\José\AppData\Local\Microsoft\WindowsApps;C:\Users\José\AppData\Local\Programs\Microsoft VS Code\bin;C:\Users\José\.dotnet\tools;C:\Program Files\JetBrains\PyCharm Community Edition 2023.1\bin;;;."/>
    <property name="java.vm.info" value="mixed mode, sharing"/>
    <property name="stderr.encoding" value="Cp1252"/>
    <property name="java.vendor" value="Oracle Corporation"/>
    <property name="java.vm.version" value="19.0.1+10-21"/>
    <property name="sun.io.unicode.encoding" value="UnicodeLittle"/>
    <property name="java.class.version" value="63.0"/>
  </properties>
  <testcase name="testMnVerReservasMouseClicked" classname="com.mycompany.habanahotel.PrincipalTest" time="10.996">
    <system-out><![CDATA[Resultado de la prueba de mnVerReservasMouseClicked: No Ok
]]></system-out>
  </testcase>
  <testcase name="testInitComponents" classname="com.mycompany.habanahotel.PrincipalTest" time="0.01">
    <system-out><![CDATA[Resultado de la prueba de testInitComponents: Ok
]]></system-out>
  </testcase>
  <testcase name="testBtnNuevaReservaActionPerformed" classname="com.mycompany.habanahotel.PrincipalTest" time="0.257">
    <system-out><![CDATA[Resultado de la prueba de btnNuevaReservaActionPerformed: Ok
]]></system-out>
  </testcase>
  <testcase name="testMnNuevaReservaMouseClicked" classname="com.mycompany.habanahotel.PrincipalTest" time="0.073">
    <system-out><![CDATA[Resultado de la prueba de mnNuevaReservaMouseClicked: Ok
]]></system-out>
  </testcase>
  <testcase name="testBtnVerReservasActionPerformed" classname="com.mycompany.habanahotel.PrincipalTest" time="7.77">
    <system-out><![CDATA[Resultado de la prueba de btnVerReservasActionPerformed: No Ok
]]></system-out>
  </testcase>
</testsuite>